2024-10-31 16:47:11 INFO  org.hibernate.Version - HHH000412: Hibernate ORM core version [WORKING]
2024-10-31 16:47:12 INFO  o.h.annotations.common.Version - HCANN000001: Hibernate Commons Annotations {5.1.2.Final}
2024-10-31 16:47:12 WARN  o.hibernate.orm.connections.pooling - HHH10001002: Using Hibernate built-in connection pool (not for production use!)
2024-10-31 16:47:12 INFO  o.hibernate.orm.connections.pooling - HHH10001005: using driver [com.microsoft.sqlserver.jdbc.SQLServerDriver] at URL [jdbc:sqlserver://localhost:1433;DatabaseName=HSF301_KoiOrderingSystem;encrypt=true;trustServerCertificate=true]
2024-10-31 16:47:12 INFO  o.hibernate.orm.connections.pooling - HHH10001001: Connection properties: {password=****, user=sa}
2024-10-31 16:47:12 INFO  o.hibernate.orm.connections.pooling - HHH10001003: Autocommit mode: false
2024-10-31 16:47:12 INFO  o.h.e.j.c.i.DriverManagerConnectionProviderImpl - HHH000115: Hibernate connection pool size: 20 (min=1)
2024-10-31 16:47:42 WARN  o.h.e.j.e.i.JdbcEnvironmentInitiator - HHH000342: Could not obtain connection to query metadata
java.lang.IllegalStateException: Cannot get a connection as the driver manager is not properly initialized
	at org.hibernate.orm.core@5.6.9.Final/org.hibernate.engine.jdbc.connections.internal.DriverManagerConnectionProviderImpl.getConnection(DriverManagerConnectionProviderImpl.java:220)
	at org.hibernate.orm.core@5.6.9.Final/org.hibernate.engine.jdbc.env.internal.JdbcEnvironmentInitiator$ConnectionProviderJdbcConnectionAccess.obtainConnection(JdbcEnvironmentInitiator.java:181)
	at org.hibernate.orm.core@5.6.9.Final/org.hibernate.engine.jdbc.env.internal.JdbcEnvironmentInitiator.initiateService(JdbcEnvironmentInitiator.java:68)
	at org.hibernate.orm.core@5.6.9.Final/org.hibernate.engine.jdbc.env.internal.JdbcEnvironmentInitiator.initiateService(JdbcEnvironmentInitiator.java:35)
	at org.hibernate.orm.core@5.6.9.Final/org.hibernate.boot.registry.internal.StandardServiceRegistryImpl.initiateService(StandardServiceRegistryImpl.java:101)
	at org.hibernate.orm.core@5.6.9.Final/org.hibernate.service.internal.AbstractServiceRegistryImpl.createService(AbstractServiceRegistryImpl.java:263)
	at org.hibernate.orm.core@5.6.9.Final/org.hibernate.service.internal.AbstractServiceRegistryImpl.initializeService(AbstractServiceRegistryImpl.java:237)
	at org.hibernate.orm.core@5.6.9.Final/org.hibernate.service.internal.AbstractServiceRegistryImpl.getService(AbstractServiceRegistryImpl.java:214)
	at org.hibernate.orm.core@5.6.9.Final/org.hibernate.engine.jdbc.internal.JdbcServicesImpl.configure(JdbcServicesImpl.java:51)
	at org.hibernate.orm.core@5.6.9.Final/org.hibernate.boot.registry.internal.StandardServiceRegistryImpl.configureService(StandardServiceRegistryImpl.java:107)
	at org.hibernate.orm.core@5.6.9.Final/org.hibernate.service.internal.AbstractServiceRegistryImpl.initializeService(AbstractServiceRegistryImpl.java:246)
	at org.hibernate.orm.core@5.6.9.Final/org.hibernate.service.internal.AbstractServiceRegistryImpl.getService(AbstractServiceRegistryImpl.java:214)
	at org.hibernate.orm.core@5.6.9.Final/org.hibernate.engine.jdbc.connections.internal.BasicConnectionCreator.convertSqlException(BasicConnectionCreator.java:129)
	at org.hibernate.orm.core@5.6.9.Final/org.hibernate.engine.jdbc.connections.internal.DriverConnectionCreator.makeConnection(DriverConnectionCreator.java:42)
	at org.hibernate.orm.core@5.6.9.Final/org.hibernate.engine.jdbc.connections.internal.BasicConnectionCreator.createConnection(BasicConnectionCreator.java:62)
	at org.hibernate.orm.core@5.6.9.Final/org.hibernate.engine.jdbc.connections.internal.DriverManagerConnectionProviderImpl$PooledConnections.addConnections(DriverManagerConnectionProviderImpl.java:457)
	at org.hibernate.orm.core@5.6.9.Final/org.hibernate.engine.jdbc.connections.internal.DriverManagerConnectionProviderImpl$PooledConnections.<init>(DriverManagerConnectionProviderImpl.java:323)
	at org.hibernate.orm.core@5.6.9.Final/org.hibernate.engine.jdbc.connections.internal.DriverManagerConnectionProviderImpl$PooledConnections.<init>(DriverManagerConnectionProviderImpl.java:297)
	at org.hibernate.orm.core@5.6.9.Final/org.hibernate.engine.jdbc.connections.internal.DriverManagerConnectionProviderImpl$PooledConnections$Builder.build(DriverManagerConnectionProviderImpl.java:501)
	at org.hibernate.orm.core@5.6.9.Final/org.hibernate.engine.jdbc.connections.internal.DriverManagerConnectionProviderImpl.buildPool(DriverManagerConnectionProviderImpl.java:101)
	at org.hibernate.orm.core@5.6.9.Final/org.hibernate.engine.jdbc.connections.internal.DriverManagerConnectionProviderImpl.configure(DriverManagerConnectionProviderImpl.java:76)
	at org.hibernate.orm.core@5.6.9.Final/org.hibernate.boot.registry.internal.StandardServiceRegistryImpl.configureService(StandardServiceRegistryImpl.java:107)
	at org.hibernate.orm.core@5.6.9.Final/org.hibernate.service.internal.AbstractServiceRegistryImpl.initializeService(AbstractServiceRegistryImpl.java:246)
	at org.hibernate.orm.core@5.6.9.Final/org.hibernate.service.internal.AbstractServiceRegistryImpl.getService(AbstractServiceRegistryImpl.java:214)
	at org.hibernate.orm.core@5.6.9.Final/org.hibernate.engine.jdbc.env.internal.JdbcEnvironmentInitiator.buildJdbcConnectionAccess(JdbcEnvironmentInitiator.java:146)
	at org.hibernate.orm.core@5.6.9.Final/org.hibernate.engine.jdbc.env.internal.JdbcEnvironmentInitiator.initiateService(JdbcEnvironmentInitiator.java:66)
	at org.hibernate.orm.core@5.6.9.Final/org.hibernate.engine.jdbc.env.internal.JdbcEnvironmentInitiator.initiateService(JdbcEnvironmentInitiator.java:35)
	at org.hibernate.orm.core@5.6.9.Final/org.hibernate.boot.registry.internal.StandardServiceRegistryImpl.initiateService(StandardServiceRegistryImpl.java:101)
	at org.hibernate.orm.core@5.6.9.Final/org.hibernate.service.internal.AbstractServiceRegistryImpl.createService(AbstractServiceRegistryImpl.java:263)
	at org.hibernate.orm.core@5.6.9.Final/org.hibernate.service.internal.AbstractServiceRegistryImpl.initializeService(AbstractServiceRegistryImpl.java:237)
	at org.hibernate.orm.core@5.6.9.Final/org.hibernate.service.internal.AbstractServiceRegistryImpl.getService(AbstractServiceRegistryImpl.java:214)
	at org.hibernate.orm.core@5.6.9.Final/org.hibernate.id.factory.internal.DefaultIdentifierGeneratorFactory.injectServices(DefaultIdentifierGeneratorFactory.java:175)
	at org.hibernate.orm.core@5.6.9.Final/org.hibernate.service.internal.AbstractServiceRegistryImpl.injectDependencies(AbstractServiceRegistryImpl.java:286)
	at org.hibernate.orm.core@5.6.9.Final/org.hibernate.service.internal.AbstractServiceRegistryImpl.initializeService(AbstractServiceRegistryImpl.java:243)
	at org.hibernate.orm.core@5.6.9.Final/org.hibernate.service.internal.AbstractServiceRegistryImpl.getService(AbstractServiceRegistryImpl.java:214)
	at org.hibernate.orm.core@5.6.9.Final/org.hibernate.boot.internal.InFlightMetadataCollectorImpl.<init>(InFlightMetadataCollectorImpl.java:173)
	at org.hibernate.orm.core@5.6.9.Final/org.hibernate.boot.model.process.spi.MetadataBuildingProcess.complete(MetadataBuildingProcess.java:127)
	at org.hibernate.orm.core@5.6.9.Final/org.hibernate.boot.model.process.spi.MetadataBuildingProcess.build(MetadataBuildingProcess.java:86)
	at org.hibernate.orm.core@5.6.9.Final/org.hibernate.boot.internal.MetadataBuilderImpl.build(MetadataBuilderImpl.java:479)
	at org.hibernate.orm.core@5.6.9.Final/org.hibernate.boot.internal.MetadataBuilderImpl.build(MetadataBuilderImpl.java:85)
	at org.hibernate.orm.core@5.6.9.Final/org.hibernate.cfg.Configuration.buildSessionFactory(Configuration.java:709)
	at org.hibernate.orm.core@5.6.9.Final/org.hibernate.cfg.Configuration.buildSessionFactory(Configuration.java:746)
	at org.example.hsf301/org.example.hsf301.dao.AccountDAO.<init>(AccountDAO.java:21)
	at org.example.hsf301/org.example.hsf301.repo.AccountRepository.<init>(AccountRepository.java:14)
	at org.example.hsf301/org.example.hsf301.service.AccountService.<init>(AccountService.java:12)
	at org.example.hsf301/org.example.hsf301.views.LoginView.start(LoginView.java:17)
	at javafx.graphics/com.sun.javafx.application.LauncherImpl.lambda$launchApplication1$9(LauncherImpl.java:847)
	at javafx.graphics/com.sun.javafx.application.PlatformImpl.lambda$runAndWait$12(PlatformImpl.java:484)
	at javafx.graphics/com.sun.javafx.application.PlatformImpl.lambda$runLater$10(PlatformImpl.java:457)
	at java.base/java.security.AccessController.doPrivileged(AccessController.java:400)
	at javafx.graphics/com.sun.javafx.application.PlatformImpl.lambda$runLater$11(PlatformImpl.java:456)
	at javafx.graphics/com.sun.glass.ui.InvokeLaterDispatcher$Future.run(InvokeLaterDispatcher.java:96)
	at javafx.graphics/com.sun.glass.ui.win.WinApplication._runLoop(Native Method)
	at javafx.graphics/com.sun.glass.ui.win.WinApplication.lambda$runLoop$3(WinApplication.java:184)
	at java.base/java.lang.Thread.run(Thread.java:1570)
2024-10-31 16:47:42 INFO  org.hibernate.dialect.Dialect - HHH000400: Using dialect: org.hibernate.dialect.SQLServerDialect
2024-10-31 16:47:42 WARN  o.h.e.jdbc.spi.SqlExceptionHelper - SQL Error: 4060, SQLState: S0001
2024-10-31 16:47:42 ERROR o.h.e.jdbc.spi.SqlExceptionHelper - Cannot open database "HSF301_KoiOrderingSystem" requested by the login. The login failed. ClientConnectionId:18eb755c-7376-430d-99de-9914f235ba8f
2024-10-31 16:49:46 INFO  org.hibernate.Version - HHH000412: Hibernate ORM core version [WORKING]
2024-10-31 16:49:46 INFO  o.h.annotations.common.Version - HCANN000001: Hibernate Commons Annotations {5.1.2.Final}
2024-10-31 16:49:47 WARN  o.hibernate.orm.connections.pooling - HHH10001002: Using Hibernate built-in connection pool (not for production use!)
2024-10-31 16:49:47 INFO  o.hibernate.orm.connections.pooling - HHH10001005: using driver [com.microsoft.sqlserver.jdbc.SQLServerDriver] at URL [jdbc:sqlserver://localhost:1433;DatabaseName=HSF301_KoiOrderingSystem;encrypt=true;trustServerCertificate=true]
2024-10-31 16:49:47 INFO  o.hibernate.orm.connections.pooling - HHH10001001: Connection properties: {password=****, user=sa}
2024-10-31 16:49:47 INFO  o.hibernate.orm.connections.pooling - HHH10001003: Autocommit mode: false
2024-10-31 16:49:47 INFO  o.h.e.j.c.i.DriverManagerConnectionProviderImpl - HHH000115: Hibernate connection pool size: 20 (min=1)
2024-10-31 16:49:47 INFO  org.hibernate.dialect.Dialect - HHH000400: Using dialect: org.hibernate.dialect.SQLServerDialect
2024-10-31 16:49:48 INFO  o.hibernate.orm.connections.access - HHH10001501: Connection obtained from JdbcConnectionAccess [org.hibernate.engine.jdbc.env.internal.JdbcEnvironmentInitiator$ConnectionProviderJdbcConnectionAccess@30a4324c] for (non-JTA) DDL execution was not in auto-commit mode; the Connection 'local transaction' will be committed and the Connection will be set into auto-commit mode.
2024-10-31 16:49:49 INFO  o.h.e.t.j.p.i.JtaPlatformInitiator - HHH000490: Using JtaPlatform implementation: [org.hibernate.engine.transaction.jta.platform.internal.NoJtaPlatform]
2024-10-31 20:48:09 INFO  org.hibernate.Version - HHH000412: Hibernate ORM core version [WORKING]
2024-10-31 20:48:09 INFO  o.h.annotations.common.Version - HCANN000001: Hibernate Commons Annotations {5.1.2.Final}
2024-10-31 20:48:09 WARN  o.hibernate.orm.connections.pooling - HHH10001002: Using Hibernate built-in connection pool (not for production use!)
2024-10-31 20:48:09 INFO  o.hibernate.orm.connections.pooling - HHH10001005: using driver [com.microsoft.sqlserver.jdbc.SQLServerDriver] at URL [jdbc:sqlserver://localhost:1433;DatabaseName=HSF301_KoiOrderingSystem;encrypt=true;trustServerCertificate=true]
2024-10-31 20:48:09 INFO  o.hibernate.orm.connections.pooling - HHH10001001: Connection properties: {password=****, user=sa}
2024-10-31 20:48:09 INFO  o.hibernate.orm.connections.pooling - HHH10001003: Autocommit mode: false
2024-10-31 20:48:09 INFO  o.h.e.j.c.i.DriverManagerConnectionProviderImpl - HHH000115: Hibernate connection pool size: 20 (min=1)
2024-10-31 20:48:09 INFO  org.hibernate.dialect.Dialect - HHH000400: Using dialect: org.hibernate.dialect.SQLServerDialect
2024-10-31 20:48:10 INFO  o.hibernate.orm.connections.access - HHH10001501: Connection obtained from JdbcConnectionAccess [org.hibernate.engine.jdbc.env.internal.JdbcEnvironmentInitiator$ConnectionProviderJdbcConnectionAccess@73d049f8] for (non-JTA) DDL execution was not in auto-commit mode; the Connection 'local transaction' will be committed and the Connection will be set into auto-commit mode.
2024-10-31 20:48:11 INFO  o.h.e.t.j.p.i.JtaPlatformInitiator - HHH000490: Using JtaPlatform implementation: [org.hibernate.engine.transaction.jta.platform.internal.NoJtaPlatform]
2024-10-31 23:05:58 INFO  org.hibernate.Version - HHH000412: Hibernate ORM core version [WORKING]
2024-10-31 23:05:58 INFO  o.h.annotations.common.Version - HCANN000001: Hibernate Commons Annotations {5.1.2.Final}
2024-10-31 23:05:58 WARN  o.hibernate.orm.connections.pooling - HHH10001002: Using Hibernate built-in connection pool (not for production use!)
2024-10-31 23:05:58 INFO  o.hibernate.orm.connections.pooling - HHH10001005: using driver [com.microsoft.sqlserver.jdbc.SQLServerDriver] at URL [jdbc:sqlserver://localhost:1433;DatabaseName=HSF301_KoiOrderingSystem;encrypt=true;trustServerCertificate=true]
2024-10-31 23:05:58 INFO  o.hibernate.orm.connections.pooling - HHH10001001: Connection properties: {password=****, user=sa}
2024-10-31 23:05:58 INFO  o.hibernate.orm.connections.pooling - HHH10001003: Autocommit mode: false
2024-10-31 23:05:58 INFO  o.h.e.j.c.i.DriverManagerConnectionProviderImpl - HHH000115: Hibernate connection pool size: 20 (min=1)
2024-10-31 23:05:58 INFO  org.hibernate.dialect.Dialect - HHH000400: Using dialect: org.hibernate.dialect.SQLServerDialect
2024-10-31 23:05:59 INFO  o.hibernate.orm.connections.access - HHH10001501: Connection obtained from JdbcConnectionAccess [org.hibernate.engine.jdbc.env.internal.JdbcEnvironmentInitiator$ConnectionProviderJdbcConnectionAccess@24f83279] for (non-JTA) DDL execution was not in auto-commit mode; the Connection 'local transaction' will be committed and the Connection will be set into auto-commit mode.
2024-10-31 23:06:00 INFO  o.h.e.t.j.p.i.JtaPlatformInitiator - HHH000490: Using JtaPlatform implementation: [org.hibernate.engine.transaction.jta.platform.internal.NoJtaPlatform]
2024-10-31 23:06:43 INFO  org.hibernate.Version - HHH000412: Hibernate ORM core version [WORKING]
2024-10-31 23:07:24 INFO  org.hibernate.Version - HHH000412: Hibernate ORM core version [WORKING]
2024-10-31 23:07:24 INFO  o.h.annotations.common.Version - HCANN000001: Hibernate Commons Annotations {5.1.2.Final}
2024-10-31 23:07:24 WARN  o.hibernate.orm.connections.pooling - HHH10001002: Using Hibernate built-in connection pool (not for production use!)
2024-10-31 23:07:24 INFO  o.hibernate.orm.connections.pooling - HHH10001005: using driver [com.microsoft.sqlserver.jdbc.SQLServerDriver] at URL [jdbc:sqlserver://localhost:1433;DatabaseName=HSF301_KoiOrderingSystem;encrypt=true;trustServerCertificate=true]
2024-10-31 23:07:24 INFO  o.hibernate.orm.connections.pooling - HHH10001001: Connection properties: {password=****, user=sa}
2024-10-31 23:07:24 INFO  o.hibernate.orm.connections.pooling - HHH10001003: Autocommit mode: false
2024-10-31 23:07:24 INFO  o.h.e.j.c.i.DriverManagerConnectionProviderImpl - HHH000115: Hibernate connection pool size: 20 (min=1)
2024-10-31 23:07:24 INFO  org.hibernate.dialect.Dialect - HHH000400: Using dialect: org.hibernate.dialect.SQLServerDialect
2024-10-31 23:07:25 INFO  o.hibernate.orm.connections.access - HHH10001501: Connection obtained from JdbcConnectionAccess [org.hibernate.engine.jdbc.env.internal.JdbcEnvironmentInitiator$ConnectionProviderJdbcConnectionAccess@7ab2a07e] for (non-JTA) DDL execution was not in auto-commit mode; the Connection 'local transaction' will be committed and the Connection will be set into auto-commit mode.
2024-10-31 23:07:26 INFO  o.h.e.t.j.p.i.JtaPlatformInitiator - HHH000490: Using JtaPlatform implementation: [org.hibernate.engine.transaction.jta.platform.internal.NoJtaPlatform]
2024-10-31 23:10:09 INFO  org.hibernate.Version - HHH000412: Hibernate ORM core version [WORKING]
2024-10-31 23:10:10 INFO  o.h.annotations.common.Version - HCANN000001: Hibernate Commons Annotations {5.1.2.Final}
2024-10-31 23:10:10 WARN  o.hibernate.orm.connections.pooling - HHH10001002: Using Hibernate built-in connection pool (not for production use!)
2024-10-31 23:10:10 INFO  o.hibernate.orm.connections.pooling - HHH10001005: using driver [com.microsoft.sqlserver.jdbc.SQLServerDriver] at URL [jdbc:sqlserver://localhost:1433;DatabaseName=HSF301_KoiOrderingSystem;encrypt=true;trustServerCertificate=true]
2024-10-31 23:10:10 INFO  o.hibernate.orm.connections.pooling - HHH10001001: Connection properties: {password=****, user=sa}
2024-10-31 23:10:10 INFO  o.hibernate.orm.connections.pooling - HHH10001003: Autocommit mode: false
2024-10-31 23:10:10 INFO  o.h.e.j.c.i.DriverManagerConnectionProviderImpl - HHH000115: Hibernate connection pool size: 20 (min=1)
2024-10-31 23:10:10 INFO  org.hibernate.dialect.Dialect - HHH000400: Using dialect: org.hibernate.dialect.SQLServerDialect
2024-10-31 23:10:11 INFO  o.hibernate.orm.connections.access - HHH10001501: Connection obtained from JdbcConnectionAccess [org.hibernate.engine.jdbc.env.internal.JdbcEnvironmentInitiator$ConnectionProviderJdbcConnectionAccess@7ab2a07e] for (non-JTA) DDL execution was not in auto-commit mode; the Connection 'local transaction' will be committed and the Connection will be set into auto-commit mode.
2024-10-31 23:10:12 INFO  o.h.e.t.j.p.i.JtaPlatformInitiator - HHH000490: Using JtaPlatform implementation: [org.hibernate.engine.transaction.jta.platform.internal.NoJtaPlatform]
2024-11-01 00:44:57 INFO  org.hibernate.Version - HHH000412: Hibernate ORM core version [WORKING]
2024-11-01 00:44:57 INFO  o.h.annotations.common.Version - HCANN000001: Hibernate Commons Annotations {5.1.2.Final}
2024-11-01 00:44:57 WARN  o.hibernate.orm.connections.pooling - HHH10001002: Using Hibernate built-in connection pool (not for production use!)
2024-11-01 00:44:57 INFO  o.hibernate.orm.connections.pooling - HHH10001005: using driver [com.microsoft.sqlserver.jdbc.SQLServerDriver] at URL [jdbc:sqlserver://localhost:1433;DatabaseName=HSF301_KoiOrderingSystem;encrypt=true;trustServerCertificate=true]
2024-11-01 00:44:57 INFO  o.hibernate.orm.connections.pooling - HHH10001001: Connection properties: {password=****, user=sa}
2024-11-01 00:44:57 INFO  o.hibernate.orm.connections.pooling - HHH10001003: Autocommit mode: false
2024-11-01 00:44:57 INFO  o.h.e.j.c.i.DriverManagerConnectionProviderImpl - HHH000115: Hibernate connection pool size: 20 (min=1)
2024-11-01 00:44:57 INFO  org.hibernate.dialect.Dialect - HHH000400: Using dialect: org.hibernate.dialect.SQLServerDialect
2024-11-01 00:44:58 INFO  o.hibernate.orm.connections.access - HHH10001501: Connection obtained from JdbcConnectionAccess [org.hibernate.engine.jdbc.env.internal.JdbcEnvironmentInitiator$ConnectionProviderJdbcConnectionAccess@12c40535] for (non-JTA) DDL execution was not in auto-commit mode; the Connection 'local transaction' will be committed and the Connection will be set into auto-commit mode.
2024-11-01 00:44:59 INFO  o.h.e.t.j.p.i.JtaPlatformInitiator - HHH000490: Using JtaPlatform implementation: [org.hibernate.engine.transaction.jta.platform.internal.NoJtaPlatform]
2024-11-02 11:15:10 INFO  org.hibernate.Version - HHH000412: Hibernate ORM core version [WORKING]
2024-11-02 11:15:10 INFO  o.h.annotations.common.Version - HCANN000001: Hibernate Commons Annotations {5.1.2.Final}
2024-11-02 11:15:10 WARN  o.hibernate.orm.connections.pooling - HHH10001002: Using Hibernate built-in connection pool (not for production use!)
2024-11-02 11:15:10 INFO  o.hibernate.orm.connections.pooling - HHH10001005: using driver [com.microsoft.sqlserver.jdbc.SQLServerDriver] at URL [jdbc:sqlserver://localhost:1433;DatabaseName=HSF301_KoiOrderingSystem;encrypt=true;trustServerCertificate=true]
2024-11-02 11:15:10 INFO  o.hibernate.orm.connections.pooling - HHH10001001: Connection properties: {password=****, user=sa}
2024-11-02 11:15:10 INFO  o.hibernate.orm.connections.pooling - HHH10001003: Autocommit mode: false
2024-11-02 11:15:10 INFO  o.h.e.j.c.i.DriverManagerConnectionProviderImpl - HHH000115: Hibernate connection pool size: 20 (min=1)
2024-11-02 11:15:11 INFO  org.hibernate.dialect.Dialect - HHH000400: Using dialect: org.hibernate.dialect.SQLServerDialect
2024-11-02 11:15:11 INFO  o.hibernate.orm.connections.access - HHH10001501: Connection obtained from JdbcConnectionAccess [org.hibernate.engine.jdbc.env.internal.JdbcEnvironmentInitiator$ConnectionProviderJdbcConnectionAccess@49d3fe12] for (non-JTA) DDL execution was not in auto-commit mode; the Connection 'local transaction' will be committed and the Connection will be set into auto-commit mode.
2024-11-02 11:15:12 INFO  o.h.e.t.j.p.i.JtaPlatformInitiator - HHH000490: Using JtaPlatform implementation: [org.hibernate.engine.transaction.jta.platform.internal.NoJtaPlatform]
2024-11-02 11:15:20 INFO  org.hibernate.Version - HHH000412: Hibernate ORM core version [WORKING]
2024-11-02 11:15:20 INFO  o.h.annotations.common.Version - HCANN000001: Hibernate Commons Annotations {5.1.2.Final}
2024-11-02 11:15:20 WARN  o.hibernate.orm.connections.pooling - HHH10001002: Using Hibernate built-in connection pool (not for production use!)
2024-11-02 11:15:20 INFO  o.hibernate.orm.connections.pooling - HHH10001005: using driver [com.microsoft.sqlserver.jdbc.SQLServerDriver] at URL [jdbc:sqlserver://localhost:1433;DatabaseName=HSF301_KoiOrderingSystem;encrypt=true;trustServerCertificate=true]
2024-11-02 11:15:20 INFO  o.hibernate.orm.connections.pooling - HHH10001001: Connection properties: {password=****, user=sa}
2024-11-02 11:15:20 INFO  o.hibernate.orm.connections.pooling - HHH10001003: Autocommit mode: false
2024-11-02 11:15:20 INFO  o.h.e.j.c.i.DriverManagerConnectionProviderImpl - HHH000115: Hibernate connection pool size: 20 (min=1)
2024-11-02 11:15:20 INFO  org.hibernate.dialect.Dialect - HHH000400: Using dialect: org.hibernate.dialect.SQLServerDialect
2024-11-02 11:15:21 INFO  o.hibernate.orm.connections.access - HHH10001501: Connection obtained from JdbcConnectionAccess [org.hibernate.engine.jdbc.env.internal.JdbcEnvironmentInitiator$ConnectionProviderJdbcConnectionAccess@12c40535] for (non-JTA) DDL execution was not in auto-commit mode; the Connection 'local transaction' will be committed and the Connection will be set into auto-commit mode.
2024-11-02 11:15:21 INFO  o.h.e.t.j.p.i.JtaPlatformInitiator - HHH000490: Using JtaPlatform implementation: [org.hibernate.engine.transaction.jta.platform.internal.NoJtaPlatform]
2024-11-06 09:41:09 INFO  org.hibernate.Version - HHH000412: Hibernate ORM core version [WORKING]
2024-11-06 09:41:10 INFO  o.h.annotations.common.Version - HCANN000001: Hibernate Commons Annotations {5.1.2.Final}
2024-11-06 09:41:10 WARN  o.hibernate.orm.connections.pooling - HHH10001002: Using Hibernate built-in connection pool (not for production use!)
2024-11-06 09:41:10 INFO  o.hibernate.orm.connections.pooling - HHH10001005: using driver [com.microsoft.sqlserver.jdbc.SQLServerDriver] at URL [jdbc:sqlserver://localhost:1433;DatabaseName=HSF301_KoiOrderingSystem;encrypt=true;trustServerCertificate=true]
2024-11-06 09:41:10 INFO  o.hibernate.orm.connections.pooling - HHH10001001: Connection properties: {password=****, user=sa}
2024-11-06 09:41:10 INFO  o.hibernate.orm.connections.pooling - HHH10001003: Autocommit mode: false
2024-11-06 09:41:10 INFO  o.h.e.j.c.i.DriverManagerConnectionProviderImpl - HHH000115: Hibernate connection pool size: 20 (min=1)
2024-11-06 09:41:10 INFO  org.hibernate.dialect.Dialect - HHH000400: Using dialect: org.hibernate.dialect.SQLServerDialect
2024-11-06 09:41:11 INFO  o.hibernate.orm.connections.access - HHH10001501: Connection obtained from JdbcConnectionAccess [org.hibernate.engine.jdbc.env.internal.JdbcEnvironmentInitiator$ConnectionProviderJdbcConnectionAccess@f882465] for (non-JTA) DDL execution was not in auto-commit mode; the Connection 'local transaction' will be committed and the Connection will be set into auto-commit mode.
2024-11-06 09:41:12 INFO  o.h.e.t.j.p.i.JtaPlatformInitiator - HHH000490: Using JtaPlatform implementation: [org.hibernate.engine.transaction.jta.platform.internal.NoJtaPlatform]
2024-11-06 09:41:12 WARN  o.hibernate.orm.connections.pooling - HHH10001002: Using Hibernate built-in connection pool (not for production use!)
2024-11-06 09:41:12 INFO  o.hibernate.orm.connections.pooling - HHH10001005: using driver [com.microsoft.sqlserver.jdbc.SQLServerDriver] at URL [jdbc:sqlserver://localhost:1433;DatabaseName=HSF301_KoiOrderingSystem;encrypt=true;trustServerCertificate=true]
2024-11-06 09:41:12 INFO  o.hibernate.orm.connections.pooling - HHH10001001: Connection properties: {password=****, user=sa}
2024-11-06 09:41:12 INFO  o.hibernate.orm.connections.pooling - HHH10001003: Autocommit mode: false
2024-11-06 09:41:12 INFO  o.h.e.j.c.i.DriverManagerConnectionProviderImpl - HHH000115: Hibernate connection pool size: 20 (min=1)
2024-11-06 09:41:12 INFO  org.hibernate.dialect.Dialect - HHH000400: Using dialect: org.hibernate.dialect.SQLServerDialect
2024-11-06 09:41:12 INFO  o.hibernate.orm.connections.access - HHH10001501: Connection obtained from JdbcConnectionAccess [org.hibernate.engine.jdbc.env.internal.JdbcEnvironmentInitiator$ConnectionProviderJdbcConnectionAccess@750cd36d] for (non-JTA) DDL execution was not in auto-commit mode; the Connection 'local transaction' will be committed and the Connection will be set into auto-commit mode.
2024-11-06 09:41:12 INFO  o.h.e.t.j.p.i.JtaPlatformInitiator - HHH000490: Using JtaPlatform implementation: [org.hibernate.engine.transaction.jta.platform.internal.NoJtaPlatform]
2024-11-06 09:41:12 WARN  o.hibernate.orm.connections.pooling - HHH10001002: Using Hibernate built-in connection pool (not for production use!)
2024-11-06 09:41:12 INFO  o.hibernate.orm.connections.pooling - HHH10001005: using driver [com.microsoft.sqlserver.jdbc.SQLServerDriver] at URL [jdbc:sqlserver://localhost:1433;DatabaseName=HSF301_KoiOrderingSystem;encrypt=true;trustServerCertificate=true]
2024-11-06 09:41:12 INFO  o.hibernate.orm.connections.pooling - HHH10001001: Connection properties: {password=****, user=sa}
2024-11-06 09:41:12 INFO  o.hibernate.orm.connections.pooling - HHH10001003: Autocommit mode: false
2024-11-06 09:41:12 INFO  o.h.e.j.c.i.DriverManagerConnectionProviderImpl - HHH000115: Hibernate connection pool size: 20 (min=1)
2024-11-06 09:41:12 INFO  org.hibernate.dialect.Dialect - HHH000400: Using dialect: org.hibernate.dialect.SQLServerDialect
2024-11-06 09:41:13 INFO  o.hibernate.orm.connections.access - HHH10001501: Connection obtained from JdbcConnectionAccess [org.hibernate.engine.jdbc.env.internal.JdbcEnvironmentInitiator$ConnectionProviderJdbcConnectionAccess@61c87f1b] for (non-JTA) DDL execution was not in auto-commit mode; the Connection 'local transaction' will be committed and the Connection will be set into auto-commit mode.
2024-11-06 09:41:13 INFO  o.h.e.t.j.p.i.JtaPlatformInitiator - HHH000490: Using JtaPlatform implementation: [org.hibernate.engine.transaction.jta.platform.internal.NoJtaPlatform]
2024-11-06 09:41:13 WARN  o.hibernate.orm.connections.pooling - HHH10001002: Using Hibernate built-in connection pool (not for production use!)
2024-11-06 09:41:13 INFO  o.hibernate.orm.connections.pooling - HHH10001005: using driver [com.microsoft.sqlserver.jdbc.SQLServerDriver] at URL [jdbc:sqlserver://localhost:1433;DatabaseName=HSF301_KoiOrderingSystem;encrypt=true;trustServerCertificate=true]
2024-11-06 09:41:13 INFO  o.hibernate.orm.connections.pooling - HHH10001001: Connection properties: {password=****, user=sa}
2024-11-06 09:41:13 INFO  o.hibernate.orm.connections.pooling - HHH10001003: Autocommit mode: false
2024-11-06 09:41:13 INFO  o.h.e.j.c.i.DriverManagerConnectionProviderImpl - HHH000115: Hibernate connection pool size: 20 (min=1)
2024-11-06 09:41:13 INFO  org.hibernate.dialect.Dialect - HHH000400: Using dialect: org.hibernate.dialect.SQLServerDialect
2024-11-06 09:41:13 INFO  o.hibernate.orm.connections.access - HHH10001501: Connection obtained from JdbcConnectionAccess [org.hibernate.engine.jdbc.env.internal.JdbcEnvironmentInitiator$ConnectionProviderJdbcConnectionAccess@34bf66af] for (non-JTA) DDL execution was not in auto-commit mode; the Connection 'local transaction' will be committed and the Connection will be set into auto-commit mode.
2024-11-06 09:41:13 INFO  o.h.e.t.j.p.i.JtaPlatformInitiator - HHH000490: Using JtaPlatform implementation: [org.hibernate.engine.transaction.jta.platform.internal.NoJtaPlatform]
2024-11-06 09:41:13 WARN  o.hibernate.orm.connections.pooling - HHH10001002: Using Hibernate built-in connection pool (not for production use!)
2024-11-06 09:41:13 INFO  o.hibernate.orm.connections.pooling - HHH10001005: using driver [com.microsoft.sqlserver.jdbc.SQLServerDriver] at URL [jdbc:sqlserver://localhost:1433;DatabaseName=HSF301_KoiOrderingSystem;encrypt=true;trustServerCertificate=true]
2024-11-06 09:41:13 INFO  o.hibernate.orm.connections.pooling - HHH10001001: Connection properties: {password=****, user=sa}
2024-11-06 09:41:13 INFO  o.hibernate.orm.connections.pooling - HHH10001003: Autocommit mode: false
2024-11-06 09:41:13 INFO  o.h.e.j.c.i.DriverManagerConnectionProviderImpl - HHH000115: Hibernate connection pool size: 20 (min=1)
2024-11-06 09:41:13 INFO  org.hibernate.dialect.Dialect - HHH000400: Using dialect: org.hibernate.dialect.SQLServerDialect
2024-11-06 09:41:13 INFO  o.hibernate.orm.connections.access - HHH10001501: Connection obtained from JdbcConnectionAccess [org.hibernate.engine.jdbc.env.internal.JdbcEnvironmentInitiator$ConnectionProviderJdbcConnectionAccess@5bccef9f] for (non-JTA) DDL execution was not in auto-commit mode; the Connection 'local transaction' will be committed and the Connection will be set into auto-commit mode.
2024-11-06 09:41:13 INFO  o.h.e.t.j.p.i.JtaPlatformInitiator - HHH000490: Using JtaPlatform implementation: [org.hibernate.engine.transaction.jta.platform.internal.NoJtaPlatform]
2024-11-06 09:41:14 WARN  o.hibernate.orm.connections.pooling - HHH10001002: Using Hibernate built-in connection pool (not for production use!)
2024-11-06 09:41:14 INFO  o.hibernate.orm.connections.pooling - HHH10001005: using driver [com.microsoft.sqlserver.jdbc.SQLServerDriver] at URL [jdbc:sqlserver://localhost:1433;DatabaseName=HSF301_KoiOrderingSystem;encrypt=true;trustServerCertificate=true]
2024-11-06 09:41:14 INFO  o.hibernate.orm.connections.pooling - HHH10001001: Connection properties: {password=****, user=sa}
2024-11-06 09:41:14 INFO  o.hibernate.orm.connections.pooling - HHH10001003: Autocommit mode: false
2024-11-06 09:41:14 INFO  o.h.e.j.c.i.DriverManagerConnectionProviderImpl - HHH000115: Hibernate connection pool size: 20 (min=1)
2024-11-06 09:41:14 INFO  org.hibernate.dialect.Dialect - HHH000400: Using dialect: org.hibernate.dialect.SQLServerDialect
2024-11-06 09:41:14 INFO  o.hibernate.orm.connections.access - HHH10001501: Connection obtained from JdbcConnectionAccess [org.hibernate.engine.jdbc.env.internal.JdbcEnvironmentInitiator$ConnectionProviderJdbcConnectionAccess@66859ea9] for (non-JTA) DDL execution was not in auto-commit mode; the Connection 'local transaction' will be committed and the Connection will be set into auto-commit mode.
2024-11-06 09:41:14 INFO  o.h.e.t.j.p.i.JtaPlatformInitiator - HHH000490: Using JtaPlatform implementation: [org.hibernate.engine.transaction.jta.platform.internal.NoJtaPlatform]
2024-11-06 09:41:14 WARN  o.hibernate.orm.connections.pooling - HHH10001002: Using Hibernate built-in connection pool (not for production use!)
2024-11-06 09:41:14 INFO  o.hibernate.orm.connections.pooling - HHH10001005: using driver [com.microsoft.sqlserver.jdbc.SQLServerDriver] at URL [jdbc:sqlserver://localhost:1433;DatabaseName=HSF301_KoiOrderingSystem;encrypt=true;trustServerCertificate=true]
2024-11-06 09:41:14 INFO  o.hibernate.orm.connections.pooling - HHH10001001: Connection properties: {password=****, user=sa}
2024-11-06 09:41:14 INFO  o.hibernate.orm.connections.pooling - HHH10001003: Autocommit mode: false
2024-11-06 09:41:14 INFO  o.h.e.j.c.i.DriverManagerConnectionProviderImpl - HHH000115: Hibernate connection pool size: 20 (min=1)
2024-11-06 09:41:14 INFO  org.hibernate.dialect.Dialect - HHH000400: Using dialect: org.hibernate.dialect.SQLServerDialect
2024-11-06 09:41:14 INFO  o.hibernate.orm.connections.access - HHH10001501: Connection obtained from JdbcConnectionAccess [org.hibernate.engine.jdbc.env.internal.JdbcEnvironmentInitiator$ConnectionProviderJdbcConnectionAccess@4281a26f] for (non-JTA) DDL execution was not in auto-commit mode; the Connection 'local transaction' will be committed and the Connection will be set into auto-commit mode.
2024-11-06 09:41:14 INFO  o.h.e.t.j.p.i.JtaPlatformInitiator - HHH000490: Using JtaPlatform implementation: [org.hibernate.engine.transaction.jta.platform.internal.NoJtaPlatform]
2024-11-06 09:41:14 WARN  o.hibernate.orm.connections.pooling - HHH10001002: Using Hibernate built-in connection pool (not for production use!)
2024-11-06 09:41:14 INFO  o.hibernate.orm.connections.pooling - HHH10001005: using driver [com.microsoft.sqlserver.jdbc.SQLServerDriver] at URL [jdbc:sqlserver://localhost:1433;DatabaseName=HSF301_KoiOrderingSystem;encrypt=true;trustServerCertificate=true]
2024-11-06 09:41:14 INFO  o.hibernate.orm.connections.pooling - HHH10001001: Connection properties: {password=****, user=sa}
2024-11-06 09:41:14 INFO  o.hibernate.orm.connections.pooling - HHH10001003: Autocommit mode: false
2024-11-06 09:41:14 INFO  o.h.e.j.c.i.DriverManagerConnectionProviderImpl - HHH000115: Hibernate connection pool size: 20 (min=1)
2024-11-06 09:41:14 INFO  org.hibernate.dialect.Dialect - HHH000400: Using dialect: org.hibernate.dialect.SQLServerDialect
2024-11-06 09:41:14 INFO  o.hibernate.orm.connections.access - HHH10001501: Connection obtained from JdbcConnectionAccess [org.hibernate.engine.jdbc.env.internal.JdbcEnvironmentInitiator$ConnectionProviderJdbcConnectionAccess@ad6255e] for (non-JTA) DDL execution was not in auto-commit mode; the Connection 'local transaction' will be committed and the Connection will be set into auto-commit mode.
2024-11-06 09:41:14 INFO  o.h.e.t.j.p.i.JtaPlatformInitiator - HHH000490: Using JtaPlatform implementation: [org.hibernate.engine.transaction.jta.platform.internal.NoJtaPlatform]
2024-11-06 09:41:14 WARN  o.hibernate.orm.connections.pooling - HHH10001002: Using Hibernate built-in connection pool (not for production use!)
2024-11-06 09:41:14 INFO  o.hibernate.orm.connections.pooling - HHH10001005: using driver [com.microsoft.sqlserver.jdbc.SQLServerDriver] at URL [jdbc:sqlserver://localhost:1433;DatabaseName=HSF301_KoiOrderingSystem;encrypt=true;trustServerCertificate=true]
2024-11-06 09:41:14 INFO  o.hibernate.orm.connections.pooling - HHH10001001: Connection properties: {password=****, user=sa}
2024-11-06 09:41:14 INFO  o.hibernate.orm.connections.pooling - HHH10001003: Autocommit mode: false
2024-11-06 09:41:14 INFO  o.h.e.j.c.i.DriverManagerConnectionProviderImpl - HHH000115: Hibernate connection pool size: 20 (min=1)
2024-11-06 09:41:14 INFO  org.hibernate.dialect.Dialect - HHH000400: Using dialect: org.hibernate.dialect.SQLServerDialect
2024-11-06 09:41:14 INFO  o.hibernate.orm.connections.access - HHH10001501: Connection obtained from JdbcConnectionAccess [org.hibernate.engine.jdbc.env.internal.JdbcEnvironmentInitiator$ConnectionProviderJdbcConnectionAccess@36618b3b] for (non-JTA) DDL execution was not in auto-commit mode; the Connection 'local transaction' will be committed and the Connection will be set into auto-commit mode.
2024-11-06 09:41:15 INFO  o.h.e.t.j.p.i.JtaPlatformInitiator - HHH000490: Using JtaPlatform implementation: [org.hibernate.engine.transaction.jta.platform.internal.NoJtaPlatform]
2024-11-06 09:41:15 WARN  o.hibernate.orm.connections.pooling - HHH10001002: Using Hibernate built-in connection pool (not for production use!)
2024-11-06 09:41:15 INFO  o.hibernate.orm.connections.pooling - HHH10001005: using driver [com.microsoft.sqlserver.jdbc.SQLServerDriver] at URL [jdbc:sqlserver://localhost:1433;DatabaseName=HSF301_KoiOrderingSystem;encrypt=true;trustServerCertificate=true]
2024-11-06 09:41:15 INFO  o.hibernate.orm.connections.pooling - HHH10001001: Connection properties: {password=****, user=sa}
2024-11-06 09:41:15 INFO  o.hibernate.orm.connections.pooling - HHH10001003: Autocommit mode: false
2024-11-06 09:41:15 INFO  o.h.e.j.c.i.DriverManagerConnectionProviderImpl - HHH000115: Hibernate connection pool size: 20 (min=1)
2024-11-06 09:41:15 INFO  org.hibernate.dialect.Dialect - HHH000400: Using dialect: org.hibernate.dialect.SQLServerDialect
2024-11-06 09:41:15 INFO  o.hibernate.orm.connections.access - HHH10001501: Connection obtained from JdbcConnectionAccess [org.hibernate.engine.jdbc.env.internal.JdbcEnvironmentInitiator$ConnectionProviderJdbcConnectionAccess@4ba32242] for (non-JTA) DDL execution was not in auto-commit mode; the Connection 'local transaction' will be committed and the Connection will be set into auto-commit mode.
2024-11-06 09:41:15 INFO  o.h.e.t.j.p.i.JtaPlatformInitiator - HHH000490: Using JtaPlatform implementation: [org.hibernate.engine.transaction.jta.platform.internal.NoJtaPlatform]
2024-11-06 09:41:15 WARN  o.hibernate.orm.connections.pooling - HHH10001002: Using Hibernate built-in connection pool (not for production use!)
2024-11-06 09:41:15 INFO  o.hibernate.orm.connections.pooling - HHH10001005: using driver [com.microsoft.sqlserver.jdbc.SQLServerDriver] at URL [jdbc:sqlserver://localhost:1433;DatabaseName=HSF301_KoiOrderingSystem;encrypt=true;trustServerCertificate=true]
2024-11-06 09:41:15 INFO  o.hibernate.orm.connections.pooling - HHH10001001: Connection properties: {password=****, user=sa}
2024-11-06 09:41:15 INFO  o.hibernate.orm.connections.pooling - HHH10001003: Autocommit mode: false
2024-11-06 09:41:15 INFO  o.h.e.j.c.i.DriverManagerConnectionProviderImpl - HHH000115: Hibernate connection pool size: 20 (min=1)
2024-11-06 09:41:15 INFO  org.hibernate.dialect.Dialect - HHH000400: Using dialect: org.hibernate.dialect.SQLServerDialect
2024-11-06 09:41:15 INFO  o.hibernate.orm.connections.access - HHH10001501: Connection obtained from JdbcConnectionAccess [org.hibernate.engine.jdbc.env.internal.JdbcEnvironmentInitiator$ConnectionProviderJdbcConnectionAccess@a589070] for (non-JTA) DDL execution was not in auto-commit mode; the Connection 'local transaction' will be committed and the Connection will be set into auto-commit mode.
2024-11-06 09:41:15 INFO  o.h.e.t.j.p.i.JtaPlatformInitiator - HHH000490: Using JtaPlatform implementation: [org.hibernate.engine.transaction.jta.platform.internal.NoJtaPlatform]
2024-11-06 09:41:15 WARN  o.hibernate.orm.connections.pooling - HHH10001002: Using Hibernate built-in connection pool (not for production use!)
2024-11-06 09:41:15 INFO  o.hibernate.orm.connections.pooling - HHH10001005: using driver [com.microsoft.sqlserver.jdbc.SQLServerDriver] at URL [jdbc:sqlserver://localhost:1433;DatabaseName=HSF301_KoiOrderingSystem;encrypt=true;trustServerCertificate=true]
2024-11-06 09:41:15 INFO  o.hibernate.orm.connections.pooling - HHH10001001: Connection properties: {password=****, user=sa}
2024-11-06 09:41:15 INFO  o.hibernate.orm.connections.pooling - HHH10001003: Autocommit mode: false
2024-11-06 09:41:15 INFO  o.h.e.j.c.i.DriverManagerConnectionProviderImpl - HHH000115: Hibernate connection pool size: 20 (min=1)
2024-11-06 09:41:15 INFO  org.hibernate.dialect.Dialect - HHH000400: Using dialect: org.hibernate.dialect.SQLServerDialect
2024-11-06 09:41:15 INFO  o.hibernate.orm.connections.access - HHH10001501: Connection obtained from JdbcConnectionAccess [org.hibernate.engine.jdbc.env.internal.JdbcEnvironmentInitiator$ConnectionProviderJdbcConnectionAccess@6d7c8a2] for (non-JTA) DDL execution was not in auto-commit mode; the Connection 'local transaction' will be committed and the Connection will be set into auto-commit mode.
2024-11-06 09:41:15 INFO  o.h.e.t.j.p.i.JtaPlatformInitiator - HHH000490: Using JtaPlatform implementation: [org.hibernate.engine.transaction.jta.platform.internal.NoJtaPlatform]
2024-11-06 09:41:15 WARN  o.hibernate.orm.connections.pooling - HHH10001002: Using Hibernate built-in connection pool (not for production use!)
2024-11-06 09:41:15 INFO  o.hibernate.orm.connections.pooling - HHH10001005: using driver [com.microsoft.sqlserver.jdbc.SQLServerDriver] at URL [jdbc:sqlserver://localhost:1433;DatabaseName=HSF301_KoiOrderingSystem;encrypt=true;trustServerCertificate=true]
2024-11-06 09:41:15 INFO  o.hibernate.orm.connections.pooling - HHH10001001: Connection properties: {password=****, user=sa}
2024-11-06 09:41:15 INFO  o.hibernate.orm.connections.pooling - HHH10001003: Autocommit mode: false
2024-11-06 09:41:15 INFO  o.h.e.j.c.i.DriverManagerConnectionProviderImpl - HHH000115: Hibernate connection pool size: 20 (min=1)
2024-11-06 09:41:15 INFO  org.hibernate.dialect.Dialect - HHH000400: Using dialect: org.hibernate.dialect.SQLServerDialect
2024-11-06 09:41:15 INFO  o.hibernate.orm.connections.access - HHH10001501: Connection obtained from JdbcConnectionAccess [org.hibernate.engine.jdbc.env.internal.JdbcEnvironmentInitiator$ConnectionProviderJdbcConnectionAccess@43f88150] for (non-JTA) DDL execution was not in auto-commit mode; the Connection 'local transaction' will be committed and the Connection will be set into auto-commit mode.
2024-11-06 09:41:16 INFO  o.h.e.t.j.p.i.JtaPlatformInitiator - HHH000490: Using JtaPlatform implementation: [org.hibernate.engine.transaction.jta.platform.internal.NoJtaPlatform]
2024-11-06 09:41:16 WARN  o.hibernate.orm.connections.pooling - HHH10001002: Using Hibernate built-in connection pool (not for production use!)
2024-11-06 09:41:16 INFO  o.hibernate.orm.connections.pooling - HHH10001005: using driver [com.microsoft.sqlserver.jdbc.SQLServerDriver] at URL [jdbc:sqlserver://localhost:1433;DatabaseName=HSF301_KoiOrderingSystem;encrypt=true;trustServerCertificate=true]
2024-11-06 09:41:16 INFO  o.hibernate.orm.connections.pooling - HHH10001001: Connection properties: {password=****, user=sa}
2024-11-06 09:41:16 INFO  o.hibernate.orm.connections.pooling - HHH10001003: Autocommit mode: false
2024-11-06 09:41:16 INFO  o.h.e.j.c.i.DriverManagerConnectionProviderImpl - HHH000115: Hibernate connection pool size: 20 (min=1)
2024-11-06 09:41:16 INFO  org.hibernate.dialect.Dialect - HHH000400: Using dialect: org.hibernate.dialect.SQLServerDialect
2024-11-06 09:41:16 INFO  o.hibernate.orm.connections.access - HHH10001501: Connection obtained from JdbcConnectionAccess [org.hibernate.engine.jdbc.env.internal.JdbcEnvironmentInitiator$ConnectionProviderJdbcConnectionAccess@404bca88] for (non-JTA) DDL execution was not in auto-commit mode; the Connection 'local transaction' will be committed and the Connection will be set into auto-commit mode.
2024-11-06 09:41:16 INFO  o.h.e.t.j.p.i.JtaPlatformInitiator - HHH000490: Using JtaPlatform implementation: [org.hibernate.engine.transaction.jta.platform.internal.NoJtaPlatform]
2024-11-06 09:41:16 WARN  o.hibernate.orm.connections.pooling - HHH10001002: Using Hibernate built-in connection pool (not for production use!)
2024-11-06 09:41:16 INFO  o.hibernate.orm.connections.pooling - HHH10001005: using driver [com.microsoft.sqlserver.jdbc.SQLServerDriver] at URL [jdbc:sqlserver://localhost:1433;DatabaseName=HSF301_KoiOrderingSystem;encrypt=true;trustServerCertificate=true]
2024-11-06 09:41:16 INFO  o.hibernate.orm.connections.pooling - HHH10001001: Connection properties: {password=****, user=sa}
2024-11-06 09:41:16 INFO  o.hibernate.orm.connections.pooling - HHH10001003: Autocommit mode: false
2024-11-06 09:41:16 INFO  o.h.e.j.c.i.DriverManagerConnectionProviderImpl - HHH000115: Hibernate connection pool size: 20 (min=1)
2024-11-06 09:41:16 INFO  org.hibernate.dialect.Dialect - HHH000400: Using dialect: org.hibernate.dialect.SQLServerDialect
2024-11-06 09:41:16 INFO  o.hibernate.orm.connections.access - HHH10001501: Connection obtained from JdbcConnectionAccess [org.hibernate.engine.jdbc.env.internal.JdbcEnvironmentInitiator$ConnectionProviderJdbcConnectionAccess@5961fad1] for (non-JTA) DDL execution was not in auto-commit mode; the Connection 'local transaction' will be committed and the Connection will be set into auto-commit mode.
2024-11-06 09:41:16 INFO  o.h.e.t.j.p.i.JtaPlatformInitiator - HHH000490: Using JtaPlatform implementation: [org.hibernate.engine.transaction.jta.platform.internal.NoJtaPlatform]
2024-11-06 09:41:16 WARN  o.hibernate.orm.connections.pooling - HHH10001002: Using Hibernate built-in connection pool (not for production use!)
2024-11-06 09:41:16 INFO  o.hibernate.orm.connections.pooling - HHH10001005: using driver [com.microsoft.sqlserver.jdbc.SQLServerDriver] at URL [jdbc:sqlserver://localhost:1433;DatabaseName=HSF301_KoiOrderingSystem;encrypt=true;trustServerCertificate=true]
2024-11-06 09:41:16 INFO  o.hibernate.orm.connections.pooling - HHH10001001: Connection properties: {password=****, user=sa}
2024-11-06 09:41:16 INFO  o.hibernate.orm.connections.pooling - HHH10001003: Autocommit mode: false
2024-11-06 09:41:16 INFO  o.h.e.j.c.i.DriverManagerConnectionProviderImpl - HHH000115: Hibernate connection pool size: 20 (min=1)
2024-11-06 09:41:16 INFO  org.hibernate.dialect.Dialect - HHH000400: Using dialect: org.hibernate.dialect.SQLServerDialect
2024-11-06 09:41:16 INFO  o.hibernate.orm.connections.access - HHH10001501: Connection obtained from JdbcConnectionAccess [org.hibernate.engine.jdbc.env.internal.JdbcEnvironmentInitiator$ConnectionProviderJdbcConnectionAccess@1d891373] for (non-JTA) DDL execution was not in auto-commit mode; the Connection 'local transaction' will be committed and the Connection will be set into auto-commit mode.
2024-11-06 09:41:16 INFO  o.h.e.t.j.p.i.JtaPlatformInitiator - HHH000490: Using JtaPlatform implementation: [org.hibernate.engine.transaction.jta.platform.internal.NoJtaPlatform]
2024-11-06 09:41:16 WARN  o.hibernate.orm.connections.pooling - HHH10001002: Using Hibernate built-in connection pool (not for production use!)
2024-11-06 09:41:16 INFO  o.hibernate.orm.connections.pooling - HHH10001005: using driver [com.microsoft.sqlserver.jdbc.SQLServerDriver] at URL [jdbc:sqlserver://localhost:1433;DatabaseName=HSF301_KoiOrderingSystem;encrypt=true;trustServerCertificate=true]
2024-11-06 09:41:16 INFO  o.hibernate.orm.connections.pooling - HHH10001001: Connection properties: {password=****, user=sa}
2024-11-06 09:41:16 INFO  o.hibernate.orm.connections.pooling - HHH10001003: Autocommit mode: false
2024-11-06 09:41:16 INFO  o.h.e.j.c.i.DriverManagerConnectionProviderImpl - HHH000115: Hibernate connection pool size: 20 (min=1)
2024-11-06 09:41:16 INFO  org.hibernate.dialect.Dialect - HHH000400: Using dialect: org.hibernate.dialect.SQLServerDialect
2024-11-06 09:41:16 INFO  o.hibernate.orm.connections.access - HHH10001501: Connection obtained from JdbcConnectionAccess [org.hibernate.engine.jdbc.env.internal.JdbcEnvironmentInitiator$ConnectionProviderJdbcConnectionAccess@35d53d53] for (non-JTA) DDL execution was not in auto-commit mode; the Connection 'local transaction' will be committed and the Connection will be set into auto-commit mode.
2024-11-06 09:41:17 INFO  o.h.e.t.j.p.i.JtaPlatformInitiator - HHH000490: Using JtaPlatform implementation: [org.hibernate.engine.transaction.jta.platform.internal.NoJtaPlatform]
2024-11-06 09:46:30 INFO  org.hibernate.Version - HHH000412: Hibernate ORM core version [WORKING]
2024-11-06 09:46:31 INFO  o.h.annotations.common.Version - HCANN000001: Hibernate Commons Annotations {5.1.2.Final}
2024-11-06 09:46:31 WARN  o.hibernate.orm.connections.pooling - HHH10001002: Using Hibernate built-in connection pool (not for production use!)
2024-11-06 09:46:31 INFO  o.hibernate.orm.connections.pooling - HHH10001005: using driver [com.microsoft.sqlserver.jdbc.SQLServerDriver] at URL [jdbc:sqlserver://localhost:1433;DatabaseName=HSF301_KoiOrderingSystem;encrypt=true;trustServerCertificate=true]
2024-11-06 09:46:31 INFO  o.hibernate.orm.connections.pooling - HHH10001001: Connection properties: {password=****, user=sa}
2024-11-06 09:46:31 INFO  o.hibernate.orm.connections.pooling - HHH10001003: Autocommit mode: false
2024-11-06 09:46:31 INFO  o.h.e.j.c.i.DriverManagerConnectionProviderImpl - HHH000115: Hibernate connection pool size: 20 (min=1)
2024-11-06 09:46:31 INFO  org.hibernate.dialect.Dialect - HHH000400: Using dialect: org.hibernate.dialect.SQLServerDialect
2024-11-06 09:46:32 INFO  o.hibernate.orm.connections.access - HHH10001501: Connection obtained from JdbcConnectionAccess [org.hibernate.engine.jdbc.env.internal.JdbcEnvironmentInitiator$ConnectionProviderJdbcConnectionAccess@f882465] for (non-JTA) DDL execution was not in auto-commit mode; the Connection 'local transaction' will be committed and the Connection will be set into auto-commit mode.
2024-11-06 09:46:33 INFO  o.h.e.t.j.p.i.JtaPlatformInitiator - HHH000490: Using JtaPlatform implementation: [org.hibernate.engine.transaction.jta.platform.internal.NoJtaPlatform]
2024-11-06 09:46:33 WARN  o.hibernate.orm.connections.pooling - HHH10001002: Using Hibernate built-in connection pool (not for production use!)
2024-11-06 09:46:33 INFO  o.hibernate.orm.connections.pooling - HHH10001005: using driver [com.microsoft.sqlserver.jdbc.SQLServerDriver] at URL [jdbc:sqlserver://localhost:1433;DatabaseName=HSF301_KoiOrderingSystem;encrypt=true;trustServerCertificate=true]
2024-11-06 09:46:33 INFO  o.hibernate.orm.connections.pooling - HHH10001001: Connection properties: {password=****, user=sa}
2024-11-06 09:46:33 INFO  o.hibernate.orm.connections.pooling - HHH10001003: Autocommit mode: false
2024-11-06 09:46:33 INFO  o.h.e.j.c.i.DriverManagerConnectionProviderImpl - HHH000115: Hibernate connection pool size: 20 (min=1)
2024-11-06 09:46:33 INFO  org.hibernate.dialect.Dialect - HHH000400: Using dialect: org.hibernate.dialect.SQLServerDialect
2024-11-06 09:46:33 INFO  o.hibernate.orm.connections.access - HHH10001501: Connection obtained from JdbcConnectionAccess [org.hibernate.engine.jdbc.env.internal.JdbcEnvironmentInitiator$ConnectionProviderJdbcConnectionAccess@750cd36d] for (non-JTA) DDL execution was not in auto-commit mode; the Connection 'local transaction' will be committed and the Connection will be set into auto-commit mode.
2024-11-06 09:46:33 INFO  o.h.e.t.j.p.i.JtaPlatformInitiator - HHH000490: Using JtaPlatform implementation: [org.hibernate.engine.transaction.jta.platform.internal.NoJtaPlatform]
2024-11-06 09:46:33 WARN  o.hibernate.orm.connections.pooling - HHH10001002: Using Hibernate built-in connection pool (not for production use!)
2024-11-06 09:46:33 INFO  o.hibernate.orm.connections.pooling - HHH10001005: using driver [com.microsoft.sqlserver.jdbc.SQLServerDriver] at URL [jdbc:sqlserver://localhost:1433;DatabaseName=HSF301_KoiOrderingSystem;encrypt=true;trustServerCertificate=true]
2024-11-06 09:46:33 INFO  o.hibernate.orm.connections.pooling - HHH10001001: Connection properties: {password=****, user=sa}
2024-11-06 09:46:33 INFO  o.hibernate.orm.connections.pooling - HHH10001003: Autocommit mode: false
2024-11-06 09:46:33 INFO  o.h.e.j.c.i.DriverManagerConnectionProviderImpl - HHH000115: Hibernate connection pool size: 20 (min=1)
2024-11-06 09:46:33 INFO  org.hibernate.dialect.Dialect - HHH000400: Using dialect: org.hibernate.dialect.SQLServerDialect
2024-11-06 09:46:33 INFO  o.hibernate.orm.connections.access - HHH10001501: Connection obtained from JdbcConnectionAccess [org.hibernate.engine.jdbc.env.internal.JdbcEnvironmentInitiator$ConnectionProviderJdbcConnectionAccess@61c87f1b] for (non-JTA) DDL execution was not in auto-commit mode; the Connection 'local transaction' will be committed and the Connection will be set into auto-commit mode.
2024-11-06 09:46:33 INFO  o.h.e.t.j.p.i.JtaPlatformInitiator - HHH000490: Using JtaPlatform implementation: [org.hibernate.engine.transaction.jta.platform.internal.NoJtaPlatform]
2024-11-06 09:46:34 WARN  o.hibernate.orm.connections.pooling - HHH10001002: Using Hibernate built-in connection pool (not for production use!)
2024-11-06 09:46:34 INFO  o.hibernate.orm.connections.pooling - HHH10001005: using driver [com.microsoft.sqlserver.jdbc.SQLServerDriver] at URL [jdbc:sqlserver://localhost:1433;DatabaseName=HSF301_KoiOrderingSystem;encrypt=true;trustServerCertificate=true]
2024-11-06 09:46:34 INFO  o.hibernate.orm.connections.pooling - HHH10001001: Connection properties: {password=****, user=sa}
2024-11-06 09:46:34 INFO  o.hibernate.orm.connections.pooling - HHH10001003: Autocommit mode: false
2024-11-06 09:46:34 INFO  o.h.e.j.c.i.DriverManagerConnectionProviderImpl - HHH000115: Hibernate connection pool size: 20 (min=1)
2024-11-06 09:46:34 INFO  org.hibernate.dialect.Dialect - HHH000400: Using dialect: org.hibernate.dialect.SQLServerDialect
2024-11-06 09:46:34 INFO  o.hibernate.orm.connections.access - HHH10001501: Connection obtained from JdbcConnectionAccess [org.hibernate.engine.jdbc.env.internal.JdbcEnvironmentInitiator$ConnectionProviderJdbcConnectionAccess@34bf66af] for (non-JTA) DDL execution was not in auto-commit mode; the Connection 'local transaction' will be committed and the Connection will be set into auto-commit mode.
2024-11-06 09:46:34 INFO  o.h.e.t.j.p.i.JtaPlatformInitiator - HHH000490: Using JtaPlatform implementation: [org.hibernate.engine.transaction.jta.platform.internal.NoJtaPlatform]
2024-11-06 09:46:34 WARN  o.hibernate.orm.connections.pooling - HHH10001002: Using Hibernate built-in connection pool (not for production use!)
2024-11-06 09:46:34 INFO  o.hibernate.orm.connections.pooling - HHH10001005: using driver [com.microsoft.sqlserver.jdbc.SQLServerDriver] at URL [jdbc:sqlserver://localhost:1433;DatabaseName=HSF301_KoiOrderingSystem;encrypt=true;trustServerCertificate=true]
2024-11-06 09:46:34 INFO  o.hibernate.orm.connections.pooling - HHH10001001: Connection properties: {password=****, user=sa}
2024-11-06 09:46:34 INFO  o.hibernate.orm.connections.pooling - HHH10001003: Autocommit mode: false
2024-11-06 09:46:34 INFO  o.h.e.j.c.i.DriverManagerConnectionProviderImpl - HHH000115: Hibernate connection pool size: 20 (min=1)
2024-11-06 09:46:34 INFO  org.hibernate.dialect.Dialect - HHH000400: Using dialect: org.hibernate.dialect.SQLServerDialect
2024-11-06 09:46:34 INFO  o.hibernate.orm.connections.access - HHH10001501: Connection obtained from JdbcConnectionAccess [org.hibernate.engine.jdbc.env.internal.JdbcEnvironmentInitiator$ConnectionProviderJdbcConnectionAccess@5bccef9f] for (non-JTA) DDL execution was not in auto-commit mode; the Connection 'local transaction' will be committed and the Connection will be set into auto-commit mode.
2024-11-06 09:46:34 INFO  o.h.e.t.j.p.i.JtaPlatformInitiator - HHH000490: Using JtaPlatform implementation: [org.hibernate.engine.transaction.jta.platform.internal.NoJtaPlatform]
2024-11-06 09:46:34 WARN  o.hibernate.orm.connections.pooling - HHH10001002: Using Hibernate built-in connection pool (not for production use!)
2024-11-06 09:46:34 INFO  o.hibernate.orm.connections.pooling - HHH10001005: using driver [com.microsoft.sqlserver.jdbc.SQLServerDriver] at URL [jdbc:sqlserver://localhost:1433;DatabaseName=HSF301_KoiOrderingSystem;encrypt=true;trustServerCertificate=true]
2024-11-06 09:46:34 INFO  o.hibernate.orm.connections.pooling - HHH10001001: Connection properties: {password=****, user=sa}
2024-11-06 09:46:34 INFO  o.hibernate.orm.connections.pooling - HHH10001003: Autocommit mode: false
2024-11-06 09:46:34 INFO  o.h.e.j.c.i.DriverManagerConnectionProviderImpl - HHH000115: Hibernate connection pool size: 20 (min=1)
2024-11-06 09:46:34 INFO  org.hibernate.dialect.Dialect - HHH000400: Using dialect: org.hibernate.dialect.SQLServerDialect
2024-11-06 09:46:34 INFO  o.hibernate.orm.connections.access - HHH10001501: Connection obtained from JdbcConnectionAccess [org.hibernate.engine.jdbc.env.internal.JdbcEnvironmentInitiator$ConnectionProviderJdbcConnectionAccess@5392aa2b] for (non-JTA) DDL execution was not in auto-commit mode; the Connection 'local transaction' will be committed and the Connection will be set into auto-commit mode.
2024-11-06 09:46:35 INFO  o.h.e.t.j.p.i.JtaPlatformInitiator - HHH000490: Using JtaPlatform implementation: [org.hibernate.engine.transaction.jta.platform.internal.NoJtaPlatform]
2024-11-06 09:46:35 WARN  o.hibernate.orm.connections.pooling - HHH10001002: Using Hibernate built-in connection pool (not for production use!)
2024-11-06 09:46:35 INFO  o.hibernate.orm.connections.pooling - HHH10001005: using driver [com.microsoft.sqlserver.jdbc.SQLServerDriver] at URL [jdbc:sqlserver://localhost:1433;DatabaseName=HSF301_KoiOrderingSystem;encrypt=true;trustServerCertificate=true]
2024-11-06 09:46:35 INFO  o.hibernate.orm.connections.pooling - HHH10001001: Connection properties: {password=****, user=sa}
2024-11-06 09:46:35 INFO  o.hibernate.orm.connections.pooling - HHH10001003: Autocommit mode: false
2024-11-06 09:46:35 INFO  o.h.e.j.c.i.DriverManagerConnectionProviderImpl - HHH000115: Hibernate connection pool size: 20 (min=1)
2024-11-06 09:46:35 INFO  org.hibernate.dialect.Dialect - HHH000400: Using dialect: org.hibernate.dialect.SQLServerDialect
2024-11-06 09:46:35 INFO  o.hibernate.orm.connections.access - HHH10001501: Connection obtained from JdbcConnectionAccess [org.hibernate.engine.jdbc.env.internal.JdbcEnvironmentInitiator$ConnectionProviderJdbcConnectionAccess@1f229c40] for (non-JTA) DDL execution was not in auto-commit mode; the Connection 'local transaction' will be committed and the Connection will be set into auto-commit mode.
2024-11-06 09:46:35 INFO  o.h.e.t.j.p.i.JtaPlatformInitiator - HHH000490: Using JtaPlatform implementation: [org.hibernate.engine.transaction.jta.platform.internal.NoJtaPlatform]
2024-11-06 09:46:35 WARN  o.hibernate.orm.connections.pooling - HHH10001002: Using Hibernate built-in connection pool (not for production use!)
2024-11-06 09:46:35 INFO  o.hibernate.orm.connections.pooling - HHH10001005: using driver [com.microsoft.sqlserver.jdbc.SQLServerDriver] at URL [jdbc:sqlserver://localhost:1433;DatabaseName=HSF301_KoiOrderingSystem;encrypt=true;trustServerCertificate=true]
2024-11-06 09:46:35 INFO  o.hibernate.orm.connections.pooling - HHH10001001: Connection properties: {password=****, user=sa}
2024-11-06 09:46:35 INFO  o.hibernate.orm.connections.pooling - HHH10001003: Autocommit mode: false
2024-11-06 09:46:35 INFO  o.h.e.j.c.i.DriverManagerConnectionProviderImpl - HHH000115: Hibernate connection pool size: 20 (min=1)
2024-11-06 09:46:35 INFO  org.hibernate.dialect.Dialect - HHH000400: Using dialect: org.hibernate.dialect.SQLServerDialect
2024-11-06 09:46:35 INFO  o.hibernate.orm.connections.access - HHH10001501: Connection obtained from JdbcConnectionAccess [org.hibernate.engine.jdbc.env.internal.JdbcEnvironmentInitiator$ConnectionProviderJdbcConnectionAccess@729de0e1] for (non-JTA) DDL execution was not in auto-commit mode; the Connection 'local transaction' will be committed and the Connection will be set into auto-commit mode.
2024-11-06 09:46:35 INFO  o.h.e.t.j.p.i.JtaPlatformInitiator - HHH000490: Using JtaPlatform implementation: [org.hibernate.engine.transaction.jta.platform.internal.NoJtaPlatform]
2024-11-06 09:46:35 WARN  o.hibernate.orm.connections.pooling - HHH10001002: Using Hibernate built-in connection pool (not for production use!)
2024-11-06 09:46:35 INFO  o.hibernate.orm.connections.pooling - HHH10001005: using driver [com.microsoft.sqlserver.jdbc.SQLServerDriver] at URL [jdbc:sqlserver://localhost:1433;DatabaseName=HSF301_KoiOrderingSystem;encrypt=true;trustServerCertificate=true]
2024-11-06 09:46:35 INFO  o.hibernate.orm.connections.pooling - HHH10001001: Connection properties: {password=****, user=sa}
2024-11-06 09:46:35 INFO  o.hibernate.orm.connections.pooling - HHH10001003: Autocommit mode: false
2024-11-06 09:46:35 INFO  o.h.e.j.c.i.DriverManagerConnectionProviderImpl - HHH000115: Hibernate connection pool size: 20 (min=1)
2024-11-06 09:46:35 INFO  org.hibernate.dialect.Dialect - HHH000400: Using dialect: org.hibernate.dialect.SQLServerDialect
2024-11-06 09:46:35 INFO  o.hibernate.orm.connections.access - HHH10001501: Connection obtained from JdbcConnectionAccess [org.hibernate.engine.jdbc.env.internal.JdbcEnvironmentInitiator$ConnectionProviderJdbcConnectionAccess@66450129] for (non-JTA) DDL execution was not in auto-commit mode; the Connection 'local transaction' will be committed and the Connection will be set into auto-commit mode.
2024-11-06 09:46:35 INFO  o.h.e.t.j.p.i.JtaPlatformInitiator - HHH000490: Using JtaPlatform implementation: [org.hibernate.engine.transaction.jta.platform.internal.NoJtaPlatform]
2024-11-06 09:46:35 WARN  o.hibernate.orm.connections.pooling - HHH10001002: Using Hibernate built-in connection pool (not for production use!)
2024-11-06 09:46:35 INFO  o.hibernate.orm.connections.pooling - HHH10001005: using driver [com.microsoft.sqlserver.jdbc.SQLServerDriver] at URL [jdbc:sqlserver://localhost:1433;DatabaseName=HSF301_KoiOrderingSystem;encrypt=true;trustServerCertificate=true]
2024-11-06 09:46:35 INFO  o.hibernate.orm.connections.pooling - HHH10001001: Connection properties: {password=****, user=sa}
2024-11-06 09:46:35 INFO  o.hibernate.orm.connections.pooling - HHH10001003: Autocommit mode: false
2024-11-06 09:46:35 INFO  o.h.e.j.c.i.DriverManagerConnectionProviderImpl - HHH000115: Hibernate connection pool size: 20 (min=1)
2024-11-06 09:46:35 INFO  org.hibernate.dialect.Dialect - HHH000400: Using dialect: org.hibernate.dialect.SQLServerDialect
2024-11-06 09:46:35 INFO  o.hibernate.orm.connections.access - HHH10001501: Connection obtained from JdbcConnectionAccess [org.hibernate.engine.jdbc.env.internal.JdbcEnvironmentInitiator$ConnectionProviderJdbcConnectionAccess@34a06981] for (non-JTA) DDL execution was not in auto-commit mode; the Connection 'local transaction' will be committed and the Connection will be set into auto-commit mode.
2024-11-06 09:46:36 INFO  o.h.e.t.j.p.i.JtaPlatformInitiator - HHH000490: Using JtaPlatform implementation: [org.hibernate.engine.transaction.jta.platform.internal.NoJtaPlatform]
2024-11-06 09:46:36 WARN  o.hibernate.orm.connections.pooling - HHH10001002: Using Hibernate built-in connection pool (not for production use!)
2024-11-06 09:46:36 INFO  o.hibernate.orm.connections.pooling - HHH10001005: using driver [com.microsoft.sqlserver.jdbc.SQLServerDriver] at URL [jdbc:sqlserver://localhost:1433;DatabaseName=HSF301_KoiOrderingSystem;encrypt=true;trustServerCertificate=true]
2024-11-06 09:46:36 INFO  o.hibernate.orm.connections.pooling - HHH10001001: Connection properties: {password=****, user=sa}
2024-11-06 09:46:36 INFO  o.hibernate.orm.connections.pooling - HHH10001003: Autocommit mode: false
2024-11-06 09:46:36 INFO  o.h.e.j.c.i.DriverManagerConnectionProviderImpl - HHH000115: Hibernate connection pool size: 20 (min=1)
2024-11-06 09:46:36 INFO  org.hibernate.dialect.Dialect - HHH000400: Using dialect: org.hibernate.dialect.SQLServerDialect
2024-11-06 09:46:36 INFO  o.hibernate.orm.connections.access - HHH10001501: Connection obtained from JdbcConnectionAccess [org.hibernate.engine.jdbc.env.internal.JdbcEnvironmentInitiator$ConnectionProviderJdbcConnectionAccess@4eb313ed] for (non-JTA) DDL execution was not in auto-commit mode; the Connection 'local transaction' will be committed and the Connection will be set into auto-commit mode.
2024-11-06 09:46:36 INFO  o.h.e.t.j.p.i.JtaPlatformInitiator - HHH000490: Using JtaPlatform implementation: [org.hibernate.engine.transaction.jta.platform.internal.NoJtaPlatform]
2024-11-06 09:46:36 WARN  o.hibernate.orm.connections.pooling - HHH10001002: Using Hibernate built-in connection pool (not for production use!)
2024-11-06 09:46:36 INFO  o.hibernate.orm.connections.pooling - HHH10001005: using driver [com.microsoft.sqlserver.jdbc.SQLServerDriver] at URL [jdbc:sqlserver://localhost:1433;DatabaseName=HSF301_KoiOrderingSystem;encrypt=true;trustServerCertificate=true]
2024-11-06 09:46:36 INFO  o.hibernate.orm.connections.pooling - HHH10001001: Connection properties: {password=****, user=sa}
2024-11-06 09:46:36 INFO  o.hibernate.orm.connections.pooling - HHH10001003: Autocommit mode: false
2024-11-06 09:46:36 INFO  o.h.e.j.c.i.DriverManagerConnectionProviderImpl - HHH000115: Hibernate connection pool size: 20 (min=1)
2024-11-06 09:46:36 INFO  org.hibernate.dialect.Dialect - HHH000400: Using dialect: org.hibernate.dialect.SQLServerDialect
2024-11-06 09:46:36 INFO  o.hibernate.orm.connections.access - HHH10001501: Connection obtained from JdbcConnectionAccess [org.hibernate.engine.jdbc.env.internal.JdbcEnvironmentInitiator$ConnectionProviderJdbcConnectionAccess@2f6fcc70] for (non-JTA) DDL execution was not in auto-commit mode; the Connection 'local transaction' will be committed and the Connection will be set into auto-commit mode.
2024-11-06 09:46:36 INFO  o.h.e.t.j.p.i.JtaPlatformInitiator - HHH000490: Using JtaPlatform implementation: [org.hibernate.engine.transaction.jta.platform.internal.NoJtaPlatform]
2024-11-06 09:46:36 WARN  o.hibernate.orm.connections.pooling - HHH10001002: Using Hibernate built-in connection pool (not for production use!)
2024-11-06 09:46:36 INFO  o.hibernate.orm.connections.pooling - HHH10001005: using driver [com.microsoft.sqlserver.jdbc.SQLServerDriver] at URL [jdbc:sqlserver://localhost:1433;DatabaseName=HSF301_KoiOrderingSystem;encrypt=true;trustServerCertificate=true]
2024-11-06 09:46:36 INFO  o.hibernate.orm.connections.pooling - HHH10001001: Connection properties: {password=****, user=sa}
2024-11-06 09:46:36 INFO  o.hibernate.orm.connections.pooling - HHH10001003: Autocommit mode: false
2024-11-06 09:46:36 INFO  o.h.e.j.c.i.DriverManagerConnectionProviderImpl - HHH000115: Hibernate connection pool size: 20 (min=1)
2024-11-06 09:46:36 INFO  org.hibernate.dialect.Dialect - HHH000400: Using dialect: org.hibernate.dialect.SQLServerDialect
2024-11-06 09:46:36 INFO  o.hibernate.orm.connections.access - HHH10001501: Connection obtained from JdbcConnectionAccess [org.hibernate.engine.jdbc.env.internal.JdbcEnvironmentInitiator$ConnectionProviderJdbcConnectionAccess@5165783c] for (non-JTA) DDL execution was not in auto-commit mode; the Connection 'local transaction' will be committed and the Connection will be set into auto-commit mode.
2024-11-06 09:46:36 INFO  o.h.e.t.j.p.i.JtaPlatformInitiator - HHH000490: Using JtaPlatform implementation: [org.hibernate.engine.transaction.jta.platform.internal.NoJtaPlatform]
2024-11-06 09:46:36 WARN  o.hibernate.orm.connections.pooling - HHH10001002: Using Hibernate built-in connection pool (not for production use!)
2024-11-06 09:46:36 INFO  o.hibernate.orm.connections.pooling - HHH10001005: using driver [com.microsoft.sqlserver.jdbc.SQLServerDriver] at URL [jdbc:sqlserver://localhost:1433;DatabaseName=HSF301_KoiOrderingSystem;encrypt=true;trustServerCertificate=true]
2024-11-06 09:46:36 INFO  o.hibernate.orm.connections.pooling - HHH10001001: Connection properties: {password=****, user=sa}
2024-11-06 09:46:36 INFO  o.hibernate.orm.connections.pooling - HHH10001003: Autocommit mode: false
2024-11-06 09:46:36 INFO  o.h.e.j.c.i.DriverManagerConnectionProviderImpl - HHH000115: Hibernate connection pool size: 20 (min=1)
2024-11-06 09:46:36 INFO  org.hibernate.dialect.Dialect - HHH000400: Using dialect: org.hibernate.dialect.SQLServerDialect
2024-11-06 09:46:36 INFO  o.hibernate.orm.connections.access - HHH10001501: Connection obtained from JdbcConnectionAccess [org.hibernate.engine.jdbc.env.internal.JdbcEnvironmentInitiator$ConnectionProviderJdbcConnectionAccess@5b344510] for (non-JTA) DDL execution was not in auto-commit mode; the Connection 'local transaction' will be committed and the Connection will be set into auto-commit mode.
2024-11-06 09:46:37 INFO  o.h.e.t.j.p.i.JtaPlatformInitiator - HHH000490: Using JtaPlatform implementation: [org.hibernate.engine.transaction.jta.platform.internal.NoJtaPlatform]
2024-11-06 09:46:37 WARN  o.hibernate.orm.connections.pooling - HHH10001002: Using Hibernate built-in connection pool (not for production use!)
2024-11-06 09:46:37 INFO  o.hibernate.orm.connections.pooling - HHH10001005: using driver [com.microsoft.sqlserver.jdbc.SQLServerDriver] at URL [jdbc:sqlserver://localhost:1433;DatabaseName=HSF301_KoiOrderingSystem;encrypt=true;trustServerCertificate=true]
2024-11-06 09:46:37 INFO  o.hibernate.orm.connections.pooling - HHH10001001: Connection properties: {password=****, user=sa}
2024-11-06 09:46:37 INFO  o.hibernate.orm.connections.pooling - HHH10001003: Autocommit mode: false
2024-11-06 09:46:37 INFO  o.h.e.j.c.i.DriverManagerConnectionProviderImpl - HHH000115: Hibernate connection pool size: 20 (min=1)
2024-11-06 09:46:37 INFO  org.hibernate.dialect.Dialect - HHH000400: Using dialect: org.hibernate.dialect.SQLServerDialect
2024-11-06 09:46:37 INFO  o.hibernate.orm.connections.access - HHH10001501: Connection obtained from JdbcConnectionAccess [org.hibernate.engine.jdbc.env.internal.JdbcEnvironmentInitiator$ConnectionProviderJdbcConnectionAccess@2ce987d7] for (non-JTA) DDL execution was not in auto-commit mode; the Connection 'local transaction' will be committed and the Connection will be set into auto-commit mode.
2024-11-06 09:46:37 INFO  o.h.e.t.j.p.i.JtaPlatformInitiator - HHH000490: Using JtaPlatform implementation: [org.hibernate.engine.transaction.jta.platform.internal.NoJtaPlatform]
2024-11-06 09:46:37 WARN  o.hibernate.orm.connections.pooling - HHH10001002: Using Hibernate built-in connection pool (not for production use!)
2024-11-06 09:46:37 INFO  o.hibernate.orm.connections.pooling - HHH10001005: using driver [com.microsoft.sqlserver.jdbc.SQLServerDriver] at URL [jdbc:sqlserver://localhost:1433;DatabaseName=HSF301_KoiOrderingSystem;encrypt=true;trustServerCertificate=true]
2024-11-06 09:46:37 INFO  o.hibernate.orm.connections.pooling - HHH10001001: Connection properties: {password=****, user=sa}
2024-11-06 09:46:37 INFO  o.hibernate.orm.connections.pooling - HHH10001003: Autocommit mode: false
2024-11-06 09:46:37 INFO  o.h.e.j.c.i.DriverManagerConnectionProviderImpl - HHH000115: Hibernate connection pool size: 20 (min=1)
2024-11-06 09:46:37 INFO  org.hibernate.dialect.Dialect - HHH000400: Using dialect: org.hibernate.dialect.SQLServerDialect
2024-11-06 09:46:37 INFO  o.hibernate.orm.connections.access - HHH10001501: Connection obtained from JdbcConnectionAccess [org.hibernate.engine.jdbc.env.internal.JdbcEnvironmentInitiator$ConnectionProviderJdbcConnectionAccess@39506f12] for (non-JTA) DDL execution was not in auto-commit mode; the Connection 'local transaction' will be committed and the Connection will be set into auto-commit mode.
2024-11-06 09:46:37 INFO  o.h.e.t.j.p.i.JtaPlatformInitiator - HHH000490: Using JtaPlatform implementation: [org.hibernate.engine.transaction.jta.platform.internal.NoJtaPlatform]
2024-11-06 09:46:37 WARN  o.hibernate.orm.connections.pooling - HHH10001002: Using Hibernate built-in connection pool (not for production use!)
2024-11-06 09:46:37 INFO  o.hibernate.orm.connections.pooling - HHH10001005: using driver [com.microsoft.sqlserver.jdbc.SQLServerDriver] at URL [jdbc:sqlserver://localhost:1433;DatabaseName=HSF301_KoiOrderingSystem;encrypt=true;trustServerCertificate=true]
2024-11-06 09:46:37 INFO  o.hibernate.orm.connections.pooling - HHH10001001: Connection properties: {password=****, user=sa}
2024-11-06 09:46:37 INFO  o.hibernate.orm.connections.pooling - HHH10001003: Autocommit mode: false
2024-11-06 09:46:37 INFO  o.h.e.j.c.i.DriverManagerConnectionProviderImpl - HHH000115: Hibernate connection pool size: 20 (min=1)
2024-11-06 09:46:37 INFO  org.hibernate.dialect.Dialect - HHH000400: Using dialect: org.hibernate.dialect.SQLServerDialect
2024-11-06 09:46:37 INFO  o.hibernate.orm.connections.access - HHH10001501: Connection obtained from JdbcConnectionAccess [org.hibernate.engine.jdbc.env.internal.JdbcEnvironmentInitiator$ConnectionProviderJdbcConnectionAccess@bd99c67] for (non-JTA) DDL execution was not in auto-commit mode; the Connection 'local transaction' will be committed and the Connection will be set into auto-commit mode.
2024-11-06 09:46:37 INFO  o.h.e.t.j.p.i.JtaPlatformInitiator - HHH000490: Using JtaPlatform implementation: [org.hibernate.engine.transaction.jta.platform.internal.NoJtaPlatform]
2024-11-06 09:48:16 INFO  org.hibernate.Version - HHH000412: Hibernate ORM core version [WORKING]
2024-11-06 09:48:16 INFO  o.h.annotations.common.Version - HCANN000001: Hibernate Commons Annotations {5.1.2.Final}
2024-11-06 09:48:16 WARN  o.hibernate.orm.connections.pooling - HHH10001002: Using Hibernate built-in connection pool (not for production use!)
2024-11-06 09:48:16 INFO  o.hibernate.orm.connections.pooling - HHH10001005: using driver [com.microsoft.sqlserver.jdbc.SQLServerDriver] at URL [jdbc:sqlserver://localhost:1433;DatabaseName=HSF301_KoiOrderingSystem;encrypt=true;trustServerCertificate=true]
2024-11-06 09:48:16 INFO  o.hibernate.orm.connections.pooling - HHH10001001: Connection properties: {password=****, user=sa}
2024-11-06 09:48:16 INFO  o.hibernate.orm.connections.pooling - HHH10001003: Autocommit mode: false
2024-11-06 09:48:16 INFO  o.h.e.j.c.i.DriverManagerConnectionProviderImpl - HHH000115: Hibernate connection pool size: 20 (min=1)
2024-11-06 09:48:16 INFO  org.hibernate.dialect.Dialect - HHH000400: Using dialect: org.hibernate.dialect.SQLServerDialect
2024-11-06 09:48:17 INFO  o.hibernate.orm.connections.access - HHH10001501: Connection obtained from JdbcConnectionAccess [org.hibernate.engine.jdbc.env.internal.JdbcEnvironmentInitiator$ConnectionProviderJdbcConnectionAccess@2b999ee8] for (non-JTA) DDL execution was not in auto-commit mode; the Connection 'local transaction' will be committed and the Connection will be set into auto-commit mode.
2024-11-06 09:48:21 INFO  o.h.e.t.j.p.i.JtaPlatformInitiator - HHH000490: Using JtaPlatform implementation: [org.hibernate.engine.transaction.jta.platform.internal.NoJtaPlatform]
2024-11-06 09:48:21 WARN  o.hibernate.orm.connections.pooling - HHH10001002: Using Hibernate built-in connection pool (not for production use!)
2024-11-06 09:48:21 INFO  o.hibernate.orm.connections.pooling - HHH10001005: using driver [com.microsoft.sqlserver.jdbc.SQLServerDriver] at URL [jdbc:sqlserver://localhost:1433;DatabaseName=HSF301_KoiOrderingSystem;encrypt=true;trustServerCertificate=true]
2024-11-06 09:48:21 INFO  o.hibernate.orm.connections.pooling - HHH10001001: Connection properties: {password=****, user=sa}
2024-11-06 09:48:21 INFO  o.hibernate.orm.connections.pooling - HHH10001003: Autocommit mode: false
2024-11-06 09:48:21 INFO  o.h.e.j.c.i.DriverManagerConnectionProviderImpl - HHH000115: Hibernate connection pool size: 20 (min=1)
2024-11-06 09:48:22 INFO  org.hibernate.dialect.Dialect - HHH000400: Using dialect: org.hibernate.dialect.SQLServerDialect
2024-11-06 09:48:22 INFO  o.hibernate.orm.connections.access - HHH10001501: Connection obtained from JdbcConnectionAccess [org.hibernate.engine.jdbc.env.internal.JdbcEnvironmentInitiator$ConnectionProviderJdbcConnectionAccess@3dde5f38] for (non-JTA) DDL execution was not in auto-commit mode; the Connection 'local transaction' will be committed and the Connection will be set into auto-commit mode.
2024-11-06 09:48:22 INFO  o.h.e.t.j.p.i.JtaPlatformInitiator - HHH000490: Using JtaPlatform implementation: [org.hibernate.engine.transaction.jta.platform.internal.NoJtaPlatform]
2024-11-06 09:48:22 WARN  o.hibernate.orm.connections.pooling - HHH10001002: Using Hibernate built-in connection pool (not for production use!)
2024-11-06 09:48:22 INFO  o.hibernate.orm.connections.pooling - HHH10001005: using driver [com.microsoft.sqlserver.jdbc.SQLServerDriver] at URL [jdbc:sqlserver://localhost:1433;DatabaseName=HSF301_KoiOrderingSystem;encrypt=true;trustServerCertificate=true]
2024-11-06 09:48:22 INFO  o.hibernate.orm.connections.pooling - HHH10001001: Connection properties: {password=****, user=sa}
2024-11-06 09:48:22 INFO  o.hibernate.orm.connections.pooling - HHH10001003: Autocommit mode: false
2024-11-06 09:48:22 INFO  o.h.e.j.c.i.DriverManagerConnectionProviderImpl - HHH000115: Hibernate connection pool size: 20 (min=1)
2024-11-06 09:48:22 INFO  org.hibernate.dialect.Dialect - HHH000400: Using dialect: org.hibernate.dialect.SQLServerDialect
2024-11-06 09:48:22 INFO  o.hibernate.orm.connections.access - HHH10001501: Connection obtained from JdbcConnectionAccess [org.hibernate.engine.jdbc.env.internal.JdbcEnvironmentInitiator$ConnectionProviderJdbcConnectionAccess@121cf6f4] for (non-JTA) DDL execution was not in auto-commit mode; the Connection 'local transaction' will be committed and the Connection will be set into auto-commit mode.
2024-11-06 09:48:22 INFO  o.h.e.t.j.p.i.JtaPlatformInitiator - HHH000490: Using JtaPlatform implementation: [org.hibernate.engine.transaction.jta.platform.internal.NoJtaPlatform]
2024-11-06 09:48:22 WARN  o.hibernate.orm.connections.pooling - HHH10001002: Using Hibernate built-in connection pool (not for production use!)
2024-11-06 09:48:22 INFO  o.hibernate.orm.connections.pooling - HHH10001005: using driver [com.microsoft.sqlserver.jdbc.SQLServerDriver] at URL [jdbc:sqlserver://localhost:1433;DatabaseName=HSF301_KoiOrderingSystem;encrypt=true;trustServerCertificate=true]
2024-11-06 09:48:22 INFO  o.hibernate.orm.connections.pooling - HHH10001001: Connection properties: {password=****, user=sa}
2024-11-06 09:48:22 INFO  o.hibernate.orm.connections.pooling - HHH10001003: Autocommit mode: false
2024-11-06 09:48:22 INFO  o.h.e.j.c.i.DriverManagerConnectionProviderImpl - HHH000115: Hibernate connection pool size: 20 (min=1)
2024-11-06 09:48:22 INFO  org.hibernate.dialect.Dialect - HHH000400: Using dialect: org.hibernate.dialect.SQLServerDialect
2024-11-06 09:48:23 INFO  o.hibernate.orm.connections.access - HHH10001501: Connection obtained from JdbcConnectionAccess [org.hibernate.engine.jdbc.env.internal.JdbcEnvironmentInitiator$ConnectionProviderJdbcConnectionAccess@2579d8a] for (non-JTA) DDL execution was not in auto-commit mode; the Connection 'local transaction' will be committed and the Connection will be set into auto-commit mode.
2024-11-06 09:48:23 INFO  o.h.e.t.j.p.i.JtaPlatformInitiator - HHH000490: Using JtaPlatform implementation: [org.hibernate.engine.transaction.jta.platform.internal.NoJtaPlatform]
2024-11-06 09:48:23 WARN  o.hibernate.orm.connections.pooling - HHH10001002: Using Hibernate built-in connection pool (not for production use!)
2024-11-06 09:48:23 INFO  o.hibernate.orm.connections.pooling - HHH10001005: using driver [com.microsoft.sqlserver.jdbc.SQLServerDriver] at URL [jdbc:sqlserver://localhost:1433;DatabaseName=HSF301_KoiOrderingSystem;encrypt=true;trustServerCertificate=true]
2024-11-06 09:48:23 INFO  o.hibernate.orm.connections.pooling - HHH10001001: Connection properties: {password=****, user=sa}
2024-11-06 09:48:23 INFO  o.hibernate.orm.connections.pooling - HHH10001003: Autocommit mode: false
2024-11-06 09:48:23 INFO  o.h.e.j.c.i.DriverManagerConnectionProviderImpl - HHH000115: Hibernate connection pool size: 20 (min=1)
2024-11-06 09:48:23 INFO  org.hibernate.dialect.Dialect - HHH000400: Using dialect: org.hibernate.dialect.SQLServerDialect
2024-11-06 09:48:23 INFO  o.hibernate.orm.connections.access - HHH10001501: Connection obtained from JdbcConnectionAccess [org.hibernate.engine.jdbc.env.internal.JdbcEnvironmentInitiator$ConnectionProviderJdbcConnectionAccess@253b1cbd] for (non-JTA) DDL execution was not in auto-commit mode; the Connection 'local transaction' will be committed and the Connection will be set into auto-commit mode.
2024-11-06 09:48:23 INFO  o.h.e.t.j.p.i.JtaPlatformInitiator - HHH000490: Using JtaPlatform implementation: [org.hibernate.engine.transaction.jta.platform.internal.NoJtaPlatform]
